Fri 20:26: ########################################## 
Fri 20:26: Compiling.
Fri 20:26: ########################################## 

Fri 20:26: MaxCompiler version: 2013.2.2.
Fri 20:26: Build Simulation run rule for fpga_mlmc start time: Fri Feb 26 20:26:21 GMT 2016.
Fri 20:26: Project location: /homes/bl2312/workspace/fpga_mlmc.
Fri 20:26: Detailed build log: /homes/bl2312/workspace/fpga_mlmc/RunRules/Simulation/build.log.

Fri 20:26: Compiling Engine Code.
Fri 20:26: Building NebMLMCStream.max file. 
Fri 20:26: Setting environment variable:
Fri 20:26: MAXCOMPILER_BUILD_DIR : /homes/bl2312/workspace/fpga_mlmc/RunRules/Simulation/maxfiles
Fri 20:26: MAX_BUILDPARAMS : DFEModel='VECTIS' target='DFE_SIM' maxFileName='NebMLMCStream'  
Fri 20:26: Building output:
Fri 20:26: MaxCompiler version: 2013.2.2
Fri 20:26: Build "NebMLMCStream" start time: Fri Feb 26 20:26:27 GMT 2016
Fri 20:26: Main build process running as user bl2312 on host cccad1.doc.ic.ac.uk
Fri 20:26: Build location: /homes/bl2312/workspace/fpga_mlmc/RunRules/Simulation/maxfiles/NebMLMCStream_VECTIS_DFE_SIM
Fri 20:26: Detailed build log available in "_build.log"
Fri 20:26: Instantiating manager
Fri 20:26: Instantiating kernel "NebMLMCStreamKernel"
Fri 20:26: Compiling manager (Configurable)
Fri 20:26: 
Fri 20:26: Compiling kernel "NebMLMCStreamKernel"
Fri 20:26: WARNING: Warning (UNCONNECTED_DESIGN_ELEMENT):
Fri 20:26: WARNING: Unconnected elements in design 'NebMLMCStreamKernel'
Fri 20:26: WARNING: details in : /homes/bl2312/workspace/fpga_mlmc/RunRules/Simulation/maxfiles/NebMLMCStream_VECTIS_DFE_SIM/scratch/NebMLMCStreamKernel_graph_warnings.txt
Fri 20:26: Running back-end simulation build (3 phases)
Fri 20:26: (1/3) - Prepare MaxFile Data (GenerateMaxFileDataFile)
Fri 20:26: (2/3) - Compile Simulation Modules (SimCompilePass)
Fri 20:27: (3/3) - Generate MaxFile (AddSimObjectToMaxFilePass)
Fri 20:27: MaxFile: /homes/bl2312/workspace/fpga_mlmc/RunRules/Simulation/maxfiles/NebMLMCStream_VECTIS_DFE_SIM/results/NebMLMCStream.max (MD5Sum: 36b45310cedd230e76fa61a17f9b9a4f)
Fri 20:27: Build completed: Fri Feb 26 20:27:45 GMT 2016 (took 1 min, 18 secs)
Fri 20:27: Executing command:
Fri 20:27: cp /homes/bl2312/workspace/fpga_mlmc/RunRules/Simulation/maxfiles/NebMLMCStream.h /homes/bl2312/workspace/fpga_mlmc/RunRules/Simulation/include/NebMLMCStream.h 
Fri 20:27: Command output:
Fri 20:27: Building: NebMLMCStream.max file finished.
Fri 20:27: Engine build finished.
Fri 20:27: Compiling CPU Code.
Fri 20:27: Run CPU project make files updating
Fri 20:27: Executing command:
Fri 20:27: java -jar /vol/cc/opt/maxeler/maxcompiler-2013.2.2/lib/MaxIDE/projectAdmin.jar -u /homes/bl2312/workspace/fpga_mlmc Simulation 
Fri 20:27: Command output:

Fri 20:27: MaxCompiler Project Admin Tool Version 2013.2.2
Fri 20:27:  Copyright Maxeler Technologies 2010 - 2013. All rights reserved.

Fri 20:27: Updating RunRule dependant Makefiles for RunRule 'Simulation'
Fri 20:27: Found makefiles: 1
Fri 20:27: 	Updated: Simulation
Fri 20:27: Run CPU make.
Fri 20:27: make RUNRULE=Simulation 
Fri 20:27: Command output:
Fri 20:27: make -f Makefile ../RunRules/Simulation/binaries/NebMLMCStream
Fri 20:27: make[1]: Entering directory `/homes/bl2312/workspace/fpga_mlmc/CPUCode'
Fri 20:27: /vol/cc/opt/maxeler/maxcompiler-2013.2.2/bin/sliccompile "../RunRules/Simulation/maxfiles/NebMLMCStream.max" "../RunRules/Simulation/objects/slic_NebMLMCStream.o"
Fri 20:27: Processing maxfile for VECTIS_SIM from '../RunRules/Simulation/maxfiles/NebMLMCStream.max'.
Fri 20:27: gcc -std=gnu99 -Wall -Werror -fno-guess-branch-probability -frandom-seed=foo -Wno-unused-variable -Wno-unused-function -fPIC -I /vol/cc/opt/maxeler/maxcompiler-2013.2.2/include/slic -DMAXFILE_INC="/homes/bl2312/workspace/fpga_mlmc/CPUCode/../RunRules/Simulation/maxfiles/NebMLMCStream.max" -DSLIC_NO_DESTRUCTORS -c /vol/cc/opt/maxeler/maxcompiler-2013.2.2/src/slicinterface/MaxFileInit.c -o slic_NebMLMCStream.o 
Fri 20:27: Copying .max file C object into '/homes/bl2312/workspace/fpga_mlmc/CPUCode/../RunRules/Simulation/objects'
Fri 20:27: cc -g -O3 -Wall -Wextra -fmessage-length=0 -I ../RunRules/Simulation/include -I. -I/vol/cc/opt/maxeler/maxcompiler-2013.2.2/lib/maxeleros-sim/include -I/vol/cc/opt/maxeler/maxcompiler-2013.2.2/include/slic -D_XOPEN_SOURCE=600  -std=c99 -DBUILDNAME_MAXFILE_1=NebMLMCStream -DMAXFILE_1="NebMLMCStream.max"  -o "../RunRules/Simulation/objects/NebMLMCStreamCpuCode.o" -c "NebMLMCStreamCpuCode.c"
Fri 20:27: cc -g -O3 -Wall -Wextra -fmessage-length=0 -I ../RunRules/Simulation/include -I. -I/vol/cc/opt/maxeler/maxcompiler-2013.2.2/lib/maxeleros-sim/include -I/vol/cc/opt/maxeler/maxcompiler-2013.2.2/include/slic -D_XOPEN_SOURCE=600  -std=c99 -DBUILDNAME_MAXFILE_1=NebMLMCStream -DMAXFILE_1="NebMLMCStream.max"  -MM -MP -MT "../RunRules/Simulation/objects/NebMLMCStreamCpuCode.o" "NebMLMCStreamCpuCode.c" > "../RunRules/Simulation/objects/NebMLMCStreamCpuCode.d"
Fri 20:27: cc ../RunRules/Simulation/objects/NebMLMCStreamCpuCode.o ../RunRules/Simulation/objects/slic_NebMLMCStream.o  -L/vol/cc/opt/maxeler/maxcompiler-2013.2.2/lib -L/vol/cc/opt/maxeler/maxcompiler-2013.2.2/lib/maxeleros-sim/lib -lslic -lmaxeleros -lm -lpthread  -o "../RunRules/Simulation/binaries/NebMLMCStream"
Fri 20:27: make[1]: Leaving directory `/homes/bl2312/workspace/fpga_mlmc/CPUCode'
Fri 20:27: Build completed: Fri Feb 26 20:27:51 GMT 2016


Fri 20:27: ########################################## 
Fri 20:27: Running
Fri 20:27: ########################################## 
Fri 20:27: Executing command:
Fri 20:27: '/homes/bl2312/workspace/fpga_mlmc/RunRules/Simulation/binaries/NebMLMCStream' 
Fri 20:27: Command output:
Fri 20:27: Running on DFE.
Fri 20:27: 0: 240.800583
Fri 20:27: 1: 240.800583
Fri 20:27: 2: 240.800583
Fri 20:27: 3: 240.800583
Fri 20:27: 4: 240.800583
Fri 20:27: 5: 240.800583
Fri 20:27: 6: 240.800583
Fri 20:27: 7: 240.800583
Fri 20:27: 8: 240.800583
Fri 20:27: 9: 240.800583
Fri 20:27: 10: 240.800583
Fri 20:27: 11: 240.800583
Fri 20:27: 12: 240.800583
Fri 20:27: 13: 240.800583
Fri 20:27: 14: 240.800583
Fri 20:27: 15: 240.800583
Fri 20:27: 16: 240.800583
Fri 20:27: 17: 240.800583
Fri 20:27: 18: 240.800583
Fri 20:27: 19: 240.800583
Fri 20:27: 20: 240.800583
Fri 20:27: 21: 240.800583
Fri 20:27: 22: 240.800583
Fri 20:27: 23: 240.800583
Fri 20:27: 24: 240.800583
Fri 20:27: 25: 240.800583
Fri 20:27: 26: 240.800583
Fri 20:27: 27: 240.800583
Fri 20:27: 28: 240.800583
Fri 20:27: 29: 240.800583
Fri 20:27: 30: 240.800583
Fri 20:27: 31: 240.800583
Fri 20:27: 32: 240.800583
Fri 20:27: 33: 240.800583
Fri 20:27: 34: 240.800583
Fri 20:27: 35: 240.800583
Fri 20:27: 36: 240.800583
Fri 20:27: 37: 240.800583
Fri 20:27: 38: 240.800583
Fri 20:27: 39: 240.800583
Fri 20:27: 40: 240.800583
Fri 20:27: 41: 240.800583
Fri 20:27: 42: 240.800583
Fri 20:27: 43: 240.800583
Fri 20:27: 44: 240.800583
Fri 20:27: 45: 240.800583
Fri 20:27: 46: 240.800583
Fri 20:27: 47: 240.800583
Fri 20:27: 48: 240.800583
Fri 20:27: 49: 240.800583
Fri 20:27: 50: 240.800583
Fri 20:27: 51: 240.800583
Fri 20:27: 52: 240.800583
Fri 20:27: 53: 240.800583
Fri 20:27: 54: 240.800583
Fri 20:27: 55: 240.800583
Fri 20:27: 56: 240.800583
Fri 20:27: 57: 240.800583
Fri 20:27: 58: 240.800583
Fri 20:27: 59: 240.800583
Fri 20:27: 60: 240.800583
Fri 20:27: 61: 240.800583
Fri 20:27: 62: 240.800583
Fri 20:27: 63: 240.800583
Fri 20:27: Done.
