Reading model section from scheduler.mod...
95 lines were read
Reading data section from NebMLMCStreamKernel_scheduler_2_C.dat...
934 lines were read
Generating schedulingEquation...
Generating bufferingEquation...
Generating afterFlushNode...
Generating forcePairConstraints...
Generating forceAtEnd...
Generating autoVarLatencyUserMin...
Generating autoVarLatencyUserMax...
Generating fifos...
Model has been successfully generated
ipp_basic_tech:  3 row(s) and 3 column(s) removed
ipp_reduce_bnds: 1 pass(es) made, 0 bound(s) reduced
ipp_basic_tech:  0 row(s) and 0 column(s) removed
ipp_reduce_coef: 1 pass(es) made, 0 coefficient(s) reduced
lpx_intopt: presolved MIP has 333 rows, 244 columns, 833 non-zeros
lpx_intopt: 244 integer columns, none of which are binary
lpx_adv_basis: size of triangular part = 333
Solving LP relaxation...
      0:   objval =  -1.060100000e+04   infeas =   1.000000000e+00 (0)
    200:   objval =   2.450000000e+02   infeas =   4.012036108e-01 (0)
    279:   objval =   1.227700000e+04   infeas =   0.000000000e+00 (0)
*   279:   objval =   1.227700000e+04   infeas =   0.000000000e+00 (0)
*   322:   objval =   8.007000000e+03   infeas =   0.000000000e+00 (0)
OPTIMAL SOLUTION FOUND
Integer optimization begins...
+   322: mip =     not found yet >=              -inf        (1; 0)
+   322: >>>>>   8.007000000e+03 >=   8.007000000e+03   0.0% (1; 0)
+   322: mip =   8.007000000e+03 >=     tree is empty   0.0% (0; 1)
INTEGER OPTIMAL SOLUTION FOUND
Time used:   0.0 secs
Memory used: 1.1 Mb (1141470 bytes)
Model has been successfully processed
