time[NodeEvalStreamOffset_ID197_0] = -4
time[NodeCounterV1_ID19_1] = -4
time[NodeCounterV1_ID18_2] = -4
time[NodeCounterV1_ID16_3] = -3
time[NodeCounterV1_ID15_4] = -3
time[NodeEq_ID136_5] = -3
time[NodeReinterpret_ID140_6] = -2
time[NodeEq_ID138_7] = -3
time[NodeReinterpret_ID141_8] = -2
time[NodeAnd_ID139_9] = -2
time[NodeReinterpret_ID142_10] = -1
time[NodeReinterpret_ID147_11] = -1
time[NodeSub_ID144_12] = -4
time[NodeEq_ID145_13] = -3
time[NodeReinterpret_ID148_14] = -1
time[NodeAnd_ID146_15] = -1
time[NodeReinterpret_ID149_16] = 0
time[NodeReinterpret_ID153_17] = 0
time[NodeAnd_ID152_18] = 0
time[NodeReinterpret_ID155_19] = 0
time[NodeEq_ID60_20] = -3
time[NodeStreamOffset_ID198_21] = 105
time[NodeEq_ID114_22] = -4
time[NodeRAM_ID180_23] = -3
time[NodeMux_ID62_24] = -1
time[NodeMul_ID68_25] = 0
time[NodeMul_ID69_26] = 8
time[NodeAdd_ID70_27] = 16
time[NodeMul_ID72_28] = 12
time[NodeEq_ID21_29] = -3
time[NodeReinterpret_ID26_30] = -2
time[NodeSub_ID23_31] = -4
time[NodeEq_ID24_32] = -3
time[NodeReinterpret_ID27_33] = -2
time[NodeAnd_ID25_34] = -2
time[NodeReinterpret_ID28_35] = -1
time[NodeReinterpret_ID32_36] = -1
time[NodeAnd_ID31_37] = -1
time[NodeReinterpret_ID34_38] = -1
time[NodeInput_ID35_39] = -1
time[NodeMul_ID54_40] = 4
time[NodeMul_ID73_41] = 20
time[NodeAdd_ID74_42] = 28
time[NodeMul_ID76_43] = 16
time[NodeMul_ID77_44] = 12
time[NodeSub_ID78_45] = 20
time[NodeMul_ID79_46] = 32
time[NodeAdd_ID80_47] = 40
time[NodeMul_ID84_48] = 52
time[NodeMul_ID85_49] = 60
time[NodeAdd_ID86_50] = 68
time[NodeMul_ID88_51] = 56
time[NodeEq_ID37_52] = -3
time[NodeReinterpret_ID42_53] = -2
time[NodeSub_ID39_54] = -4
time[NodeEq_ID40_55] = -3
time[NodeReinterpret_ID43_56] = -2
time[NodeAnd_ID41_57] = -2
time[NodeReinterpret_ID44_58] = -1
time[NodeReinterpret_ID48_59] = -1
time[NodeAnd_ID47_60] = -1
time[NodeReinterpret_ID50_61] = -1
time[NodeInput_ID51_62] = 7
time[NodeMul_ID57_63] = 12
time[NodeMul_ID89_64] = 64
time[NodeAdd_ID90_65] = 80
time[NodeMul_ID92_66] = 76
time[NodeMul_ID93_67] = 64
time[NodeSub_ID94_68] = 72
time[NodeMul_ID95_69] = 84
time[NodeAdd_ID96_70] = 92
time[NodeMux_ID97_71] = 104
time[NodeSub_ID119_72] = 105
time[NodeGt_ID120_73] = 117
time[NodeMux_ID121_74] = 119
time[NodeMul_ID123_75] = 120
time[NodeEq_ID64_76] = -3
time[NodeStreamOffset_ID199_77] = 105
time[NodeEq_ID117_78] = -4
time[NodeRAM_ID181_79] = -3
time[NodeMux_ID66_80] = -1
time[NodeMul_ID99_81] = 12
time[NodeMul_ID100_82] = 20
time[NodeAdd_ID101_83] = 28
time[NodeMul_ID103_84] = 24
time[NodeAdd_ID58_85] = 20
time[NodeMul_ID104_86] = 32
time[NodeAdd_ID105_87] = 40
time[NodeMul_ID107_88] = 28
time[NodeMul_ID108_89] = 32
time[NodeSub_ID109_90] = 40
time[NodeMul_ID110_91] = 52
time[NodeAdd_ID111_92] = 60
time[NodeSub_ID125_93] = 105
time[NodeGt_ID126_94] = 117
time[NodeMux_ID127_95] = 119
time[NodeMul_ID129_96] = 120
time[NodeSub_ID132_97] = 128
time[NodeMux_ID133_98] = 140
time[NodeOutput_ID156_99] = 141
time[NodeEq_ID159_100] = -3
time[NodeReinterpret_ID163_101] = -2
time[NodeEq_ID161_102] = -3
time[NodeReinterpret_ID164_103] = -2
time[NodeAnd_ID162_104] = -2
time[NodeReinterpret_ID165_105] = -1
time[NodeReinterpret_ID170_106] = -1
time[NodeSub_ID167_107] = -4
time[NodeEq_ID168_108] = -3
time[NodeReinterpret_ID171_109] = -1
time[NodeAnd_ID169_110] = -1
time[NodeReinterpret_ID172_111] = 0
time[NodeReinterpret_ID176_112] = 0
time[NodeAnd_ID175_113] = 0
time[NodeReinterpret_ID178_114] = 0
time[NodeOutput_ID179_115] = 128
time[NodeCounterV1_ID184_116] = 0
time[NodeStreamOffset_ID185_117] = 0
time[NodeOutputMappedReg_ID187_118] = 1
time[NodeCounterV1_ID190_119] = -7
time[NodeEq_ID193_120] = -7
time[NodeFlush_ID191_121] = -6
autoVar[loopLength] = 108
